{"/Users/victorlebron/Coding/Udemy Projects/React Testing/jeopardy/data/fixtures.js": {"path":"/Users/victorlebron/Coding/Udemy Projects/React Testing/jeopardy/data/fixtures.js","statementMap":{"0":{"start":{"line":1,"column":26},"end":{"line":1,"column":70}},"1":{"start":{"line":2,"column":26},"end":{"line":2,"column":27}},"2":{"start":{"line":3,"column":26},"end":{"line":12,"column":59}},"3":{"start":{"line":13,"column":28},"end":{"line":13,"column":31}}},"fnMap":{},"branchMap":{},"s":{"0":4,"1":4,"2":4,"3":4},"f":{},"b":{},"_coverageSchema":"332fd63041d2c1bcb487cc26dd0d5f7d97098a6c","hash":"854a33ad52dc778b0cb510501dc4897d2d5c1e32"}
,"/Users/victorlebron/Coding/Udemy Projects/React Testing/jeopardy/setup/setup.js": {"path":"/Users/victorlebron/Coding/Udemy Projects/React Testing/jeopardy/setup/setup.js","statementMap":{"0":{"start":{"line":4,"column":0},"end":{"line":4,"column":45}}},"fnMap":{},"branchMap":{},"s":{"0":6},"f":{},"b":{},"_coverageSchema":"332fd63041d2c1bcb487cc26dd0d5f7d97098a6c","hash":"0824ad947c32f42223c21abca817f9edb42391c0"}
,"/Users/victorlebron/Coding/Udemy Projects/React Testing/jeopardy/setup/shim.js": {"path":"/Users/victorlebron/Coding/Udemy Projects/React Testing/jeopardy/setup/shim.js","statementMap":{"0":{"start":{"line":1,"column":0},"end":{"line":3,"column":2}},"1":{"start":{"line":2,"column":4},"end":{"line":2,"column":28}}},"fnMap":{"0":{"name":"(anonymous_0)","decl":{"start":{"line":1,"column":31},"end":{"line":1,"column":32}},"loc":{"start":{"line":1,"column":45},"end":{"line":3,"column":1}},"line":1}},"branchMap":{},"s":{"0":6,"1":0},"f":{"0":0},"b":{},"_coverageSchema":"332fd63041d2c1bcb487cc26dd0d5f7d97098a6c","hash":"b7f2e4cf55953e2f807168e9561dbae2130faa9b"}
,"/Users/victorlebron/Coding/Udemy Projects/React Testing/jeopardy/src/actions/index.js": {"path":"/Users/victorlebron/Coding/Udemy Projects/React Testing/jeopardy/src/actions/index.js","statementMap":{"0":{"start":{"line":1,"column":33},"end":{"line":1,"column":49}},"1":{"start":{"line":2,"column":33},"end":{"line":2,"column":47}},"2":{"start":{"line":3,"column":33},"end":{"line":3,"column":47}},"3":{"start":{"line":4,"column":33},"end":{"line":4,"column":52}},"4":{"start":{"line":7,"column":4},"end":{"line":10,"column":5}},"5":{"start":{"line":14,"column":4},"end":{"line":17,"column":5}},"6":{"start":{"line":21,"column":4},"end":{"line":24,"column":5}},"7":{"start":{"line":28,"column":4},"end":{"line":31,"column":6}}},"fnMap":{"0":{"name":"setCategories","decl":{"start":{"line":6,"column":16},"end":{"line":6,"column":29}},"loc":{"start":{"line":6,"column":42},"end":{"line":11,"column":1}},"line":6},"1":{"name":"setCategory","decl":{"start":{"line":13,"column":16},"end":{"line":13,"column":27}},"loc":{"start":{"line":13,"column":38},"end":{"line":18,"column":1}},"line":13},"2":{"name":"setQuestion","decl":{"start":{"line":20,"column":16},"end":{"line":20,"column":27}},"loc":{"start":{"line":20,"column":38},"end":{"line":25,"column":1}},"line":20},"3":{"name":"addCategoryData","decl":{"start":{"line":27,"column":16},"end":{"line":27,"column":31}},"loc":{"start":{"line":27,"column":46},"end":{"line":32,"column":1}},"line":27}},"branchMap":{},"s":{"0":5,"1":5,"2":5,"3":5,"4":1,"5":1,"6":1,"7":1},"f":{"0":1,"1":1,"2":1,"3":1},"b":{},"_coverageSchema":"332fd63041d2c1bcb487cc26dd0d5f7d97098a6c","hash":"73d5a951e584978ac398e449acfb7c4b041762ee"}
,"/Users/victorlebron/Coding/Udemy Projects/React Testing/jeopardy/src/components/App.js": {"path":"/Users/victorlebron/Coding/Udemy Projects/React Testing/jeopardy/src/components/App.js","statementMap":{"0":{"start":{"line":7,"column":12},"end":{"line":12,"column":14}}},"fnMap":{"0":{"name":"(anonymous_0)","decl":{"start":{"line":6,"column":0},"end":{"line":6,"column":1}},"loc":{"start":{"line":6,"column":9},"end":{"line":13,"column":9}},"line":6}},"branchMap":{},"s":{"0":1},"f":{"0":1},"b":{},"_coverageSchema":"332fd63041d2c1bcb487cc26dd0d5f7d97098a6c","hash":"b1f7fd2556d1639ffe27d394ecd5bab28cf91536"}
,"/Users/victorlebron/Coding/Udemy Projects/React Testing/jeopardy/src/components/Categories.js": {"path":"/Users/victorlebron/Coding/Udemy Projects/React Testing/jeopardy/src/components/Categories.js","statementMap":{"0":{"start":{"line":10,"column":4},"end":{"line":10,"column":30}},"1":{"start":{"line":11,"column":4},"end":{"line":19,"column":7}},"2":{"start":{"line":12,"column":6},"end":{"line":12,"column":30}},"3":{"start":{"line":13,"column":6},"end":{"line":18,"column":11}},"4":{"start":{"line":14,"column":26},"end":{"line":14,"column":41}},"5":{"start":{"line":16,"column":12},"end":{"line":16,"column":43}},"6":{"start":{"line":17,"column":12},"end":{"line":17,"column":29}},"7":{"start":{"line":23,"column":4},"end":{"line":29,"column":7}},"8":{"start":{"line":24,"column":16},"end":{"line":24,"column":67}},"9":{"start":{"line":26,"column":6},"end":{"line":28,"column":54}},"10":{"start":{"line":27,"column":24},"end":{"line":27,"column":39}},"11":{"start":{"line":28,"column":20},"end":{"line":28,"column":52}},"12":{"start":{"line":33,"column":4},"end":{"line":47,"column":5}},"13":{"start":{"line":38,"column":12},"end":{"line":43,"column":27}},"14":{"start":{"line":40,"column":42},"end":{"line":40,"column":71}},"15":{"start":{"line":55,"column":2},"end":{"line":55,"column":74}}},"fnMap":{"0":{"name":"(anonymous_0)","decl":{"start":{"line":8,"column":2},"end":{"line":8,"column":3}},"loc":{"start":{"line":8,"column":22},"end":{"line":20,"column":5}},"line":8},"1":{"name":"(anonymous_1)","decl":{"start":{"line":14,"column":14},"end":{"line":14,"column":15}},"loc":{"start":{"line":14,"column":26},"end":{"line":14,"column":41}},"line":14},"2":{"name":"(anonymous_2)","decl":{"start":{"line":15,"column":14},"end":{"line":15,"column":15}},"loc":{"start":{"line":15,"column":22},"end":{"line":18,"column":9}},"line":15},"3":{"name":"(anonymous_3)","decl":{"start":{"line":22,"column":14},"end":{"line":22,"column":15}},"loc":{"start":{"line":22,"column":20},"end":{"line":30,"column":3}},"line":22},"4":{"name":"(anonymous_4)","decl":{"start":{"line":23,"column":30},"end":{"line":23,"column":31}},"loc":{"start":{"line":23,"column":42},"end":{"line":29,"column":5}},"line":23},"5":{"name":"(anonymous_5)","decl":{"start":{"line":27,"column":12},"end":{"line":27,"column":13}},"loc":{"start":{"line":27,"column":24},"end":{"line":27,"column":39}},"line":27},"6":{"name":"(anonymous_6)","decl":{"start":{"line":28,"column":12},"end":{"line":28,"column":13}},"loc":{"start":{"line":28,"column":20},"end":{"line":28,"column":52}},"line":28},"7":{"name":"(anonymous_7)","decl":{"start":{"line":32,"column":2},"end":{"line":32,"column":3}},"loc":{"start":{"line":32,"column":11},"end":{"line":48,"column":3}},"line":32},"8":{"name":"(anonymous_8)","decl":{"start":{"line":37,"column":37},"end":{"line":37,"column":38}},"loc":{"start":{"line":37,"column":58},"end":{"line":44,"column":11}},"line":37},"9":{"name":"(anonymous_9)","decl":{"start":{"line":40,"column":34},"end":{"line":40,"column":35}},"loc":{"start":{"line":40,"column":40},"end":{"line":40,"column":73}},"line":40},"10":{"name":"mapStateToProps","decl":{"start":{"line":51,"column":9},"end":{"line":51,"column":24}},"loc":{"start":{"line":51,"column":32},"end":{"line":56,"column":1}},"line":51}},"branchMap":{"0":{"loc":{"start":{"line":11,"column":4},"end":{"line":19,"column":7}},"type":"if","locations":[{"start":{"line":11,"column":4},"end":{"line":19,"column":7}},{"start":{"line":11,"column":4},"end":{"line":19,"column":7}}],"line":11}},"s":{"0":2,"1":2,"2":1,"3":1,"4":0,"5":0,"6":0,"7":669,"8":669,"9":669,"10":0,"11":0,"12":671,"13":671,"14":1,"15":0},"f":{"0":2,"1":0,"2":0,"3":669,"4":669,"5":0,"6":0,"7":671,"8":671,"9":1,"10":0},"b":{"0":[1,1]},"_coverageSchema":"332fd63041d2c1bcb487cc26dd0d5f7d97098a6c","hash":"37ad81389b56c38d30b5856453d359ec9032a18d"}
,"/Users/victorlebron/Coding/Udemy Projects/React Testing/jeopardy/src/components/Category.js": {"path":"/Users/victorlebron/Coding/Udemy Projects/React Testing/jeopardy/src/components/Category.js","statementMap":{"0":{"start":{"line":10,"column":8},"end":{"line":10,"column":77}},"1":{"start":{"line":14,"column":8},"end":{"line":18,"column":9}},"2":{"start":{"line":15,"column":12},"end":{"line":17,"column":14}},"3":{"start":{"line":16,"column":16},"end":{"line":16,"column":116}},"4":{"start":{"line":22,"column":8},"end":{"line":30,"column":9}},"5":{"start":{"line":25,"column":44},"end":{"line":25,"column":70}},"6":{"start":{"line":40,"column":4},"end":{"line":40,"column":119}}},"fnMap":{"0":{"name":"(anonymous_0)","decl":{"start":{"line":9,"column":4},"end":{"line":9,"column":5}},"loc":{"start":{"line":9,"column":24},"end":{"line":11,"column":5}},"line":9},"1":{"name":"(anonymous_1)","decl":{"start":{"line":13,"column":23},"end":{"line":13,"column":24}},"loc":{"start":{"line":13,"column":29},"end":{"line":19,"column":5}},"line":13},"2":{"name":"(anonymous_2)","decl":{"start":{"line":15,"column":49},"end":{"line":15,"column":50}},"loc":{"start":{"line":16,"column":16},"end":{"line":16,"column":116}},"line":16},"3":{"name":"(anonymous_3)","decl":{"start":{"line":21,"column":4},"end":{"line":21,"column":5}},"loc":{"start":{"line":21,"column":13},"end":{"line":31,"column":5}},"line":21},"4":{"name":"(anonymous_4)","decl":{"start":{"line":25,"column":38},"end":{"line":25,"column":39}},"loc":{"start":{"line":25,"column":44},"end":{"line":25,"column":70}},"line":25},"5":{"name":"mapStateToProps","decl":{"start":{"line":34,"column":9},"end":{"line":34,"column":24}},"loc":{"start":{"line":34,"column":32},"end":{"line":41,"column":1}},"line":34}},"branchMap":{"0":{"loc":{"start":{"line":14,"column":8},"end":{"line":18,"column":9}},"type":"if","locations":[{"start":{"line":14,"column":8},"end":{"line":18,"column":9}},{"start":{"line":14,"column":8},"end":{"line":18,"column":9}}],"line":14}},"s":{"0":2,"1":3,"2":3,"3":3,"4":3,"5":1,"6":0},"f":{"0":2,"1":3,"2":3,"3":3,"4":1,"5":0},"b":{"0":[3,0]},"_coverageSchema":"332fd63041d2c1bcb487cc26dd0d5f7d97098a6c","hash":"afbb352f298ca09eb628ff76e0952bf14faa1e98"}
,"/Users/victorlebron/Coding/Udemy Projects/React Testing/jeopardy/src/components/Question.js": {"path":"/Users/victorlebron/Coding/Udemy Projects/React Testing/jeopardy/src/components/Question.js","statementMap":{"0":{"start":{"line":7,"column":8},"end":{"line":7,"column":16}},"1":{"start":{"line":9,"column":8},"end":{"line":11,"column":9}},"2":{"start":{"line":15,"column":8},"end":{"line":22,"column":9}},"3":{"start":{"line":17,"column":35},"end":{"line":17,"column":81}}},"fnMap":{"0":{"name":"(anonymous_0)","decl":{"start":{"line":6,"column":4},"end":{"line":6,"column":5}},"loc":{"start":{"line":6,"column":18},"end":{"line":12,"column":5}},"line":6},"1":{"name":"(anonymous_1)","decl":{"start":{"line":14,"column":4},"end":{"line":14,"column":5}},"loc":{"start":{"line":14,"column":13},"end":{"line":23,"column":5}},"line":14},"2":{"name":"(anonymous_2)","decl":{"start":{"line":17,"column":29},"end":{"line":17,"column":30}},"loc":{"start":{"line":17,"column":35},"end":{"line":17,"column":81}},"line":17}},"branchMap":{"0":{"loc":{"start":{"line":19,"column":17},"end":{"line":19,"column":83}},"type":"cond-expr","locations":[{"start":{"line":19,"column":50},"end":{"line":19,"column":78}},{"start":{"line":19,"column":81},"end":{"line":19,"column":83}}],"line":19}},"s":{"0":1,"1":1,"2":5,"3":2},"f":{"0":1,"1":5,"2":2},"b":{"0":[2,3]},"_coverageSchema":"332fd63041d2c1bcb487cc26dd0d5f7d97098a6c","hash":"0157ecc8300117d81a28586dacf91176d656ce7c"}
,"/Users/victorlebron/Coding/Udemy Projects/React Testing/jeopardy/src/reducers/index.js": {"path":"/Users/victorlebron/Coding/Udemy Projects/React Testing/jeopardy/src/reducers/index.js","statementMap":{"0":{"start":{"line":5,"column":4},"end":{"line":10,"column":5}},"1":{"start":{"line":7,"column":12},"end":{"line":7,"column":36}},"2":{"start":{"line":9,"column":12},"end":{"line":9,"column":25}},"3":{"start":{"line":14,"column":4},"end":{"line":18,"column":5}},"4":{"start":{"line":16,"column":12},"end":{"line":16,"column":34}},"5":{"start":{"line":17,"column":17},"end":{"line":17,"column":30}},"6":{"start":{"line":22,"column":4},"end":{"line":26,"column":5}},"7":{"start":{"line":24,"column":12},"end":{"line":24,"column":34}},"8":{"start":{"line":25,"column":17},"end":{"line":25,"column":30}},"9":{"start":{"line":30,"column":4},"end":{"line":35,"column":5}},"10":{"start":{"line":32,"column":12},"end":{"line":32,"column":44}},"11":{"start":{"line":33,"column":12},"end":{"line":33,"column":25}},"12":{"start":{"line":34,"column":17},"end":{"line":34,"column":30}}},"fnMap":{"0":{"name":"categories","decl":{"start":{"line":4,"column":9},"end":{"line":4,"column":19}},"loc":{"start":{"line":4,"column":40},"end":{"line":11,"column":1}},"line":4},"1":{"name":"category","decl":{"start":{"line":13,"column":9},"end":{"line":13,"column":17}},"loc":{"start":{"line":13,"column":38},"end":{"line":19,"column":1}},"line":13},"2":{"name":"question","decl":{"start":{"line":21,"column":9},"end":{"line":21,"column":17}},"loc":{"start":{"line":21,"column":38},"end":{"line":27,"column":1}},"line":21},"3":{"name":"categoryData","decl":{"start":{"line":29,"column":9},"end":{"line":29,"column":21}},"loc":{"start":{"line":29,"column":41},"end":{"line":36,"column":1}},"line":29}},"branchMap":{"0":{"loc":{"start":{"line":4,"column":20},"end":{"line":4,"column":30}},"type":"default-arg","locations":[{"start":{"line":4,"column":28},"end":{"line":4,"column":30}}],"line":4},"1":{"loc":{"start":{"line":5,"column":4},"end":{"line":10,"column":5}},"type":"switch","locations":[{"start":{"line":6,"column":8},"end":{"line":7,"column":36}},{"start":{"line":8,"column":8},"end":{"line":9,"column":25}}],"line":5},"2":{"loc":{"start":{"line":13,"column":18},"end":{"line":13,"column":28}},"type":"default-arg","locations":[{"start":{"line":13,"column":26},"end":{"line":13,"column":28}}],"line":13},"3":{"loc":{"start":{"line":14,"column":4},"end":{"line":18,"column":5}},"type":"switch","locations":[{"start":{"line":15,"column":8},"end":{"line":16,"column":34}},{"start":{"line":17,"column":8},"end":{"line":17,"column":30}}],"line":14},"4":{"loc":{"start":{"line":21,"column":18},"end":{"line":21,"column":28}},"type":"default-arg","locations":[{"start":{"line":21,"column":26},"end":{"line":21,"column":28}}],"line":21},"5":{"loc":{"start":{"line":22,"column":4},"end":{"line":26,"column":5}},"type":"switch","locations":[{"start":{"line":23,"column":8},"end":{"line":24,"column":34}},{"start":{"line":25,"column":8},"end":{"line":25,"column":30}}],"line":22},"6":{"loc":{"start":{"line":29,"column":22},"end":{"line":29,"column":32}},"type":"default-arg","locations":[{"start":{"line":29,"column":30},"end":{"line":29,"column":32}}],"line":29},"7":{"loc":{"start":{"line":30,"column":4},"end":{"line":35,"column":5}},"type":"switch","locations":[{"start":{"line":31,"column":8},"end":{"line":33,"column":25}},{"start":{"line":34,"column":8},"end":{"line":34,"column":30}}],"line":30}},"s":{"0":7,"1":1,"2":6,"3":7,"4":1,"5":6,"6":7,"7":1,"8":6,"9":7,"10":1,"11":1,"12":6},"f":{"0":7,"1":7,"2":7,"3":7},"b":{"0":[7],"1":[1,6],"2":[7],"3":[1,6],"4":[7],"5":[1,6],"6":[7],"7":[1,6]},"_coverageSchema":"332fd63041d2c1bcb487cc26dd0d5f7d97098a6c","hash":"909b6c87b58d09e3005c27b2cb2052bf798de6fd"}
}
