{"/Users/victorlebron/Coding/Udemy Projects/React Testing/jeopardy/data/fixtures.js": {"path":"/Users/victorlebron/Coding/Udemy Projects/React Testing/jeopardy/data/fixtures.js","statementMap":{"0":{"start":{"line":1,"column":26},"end":{"line":1,"column":72}},"1":{"start":{"line":2,"column":24},"end":{"line":2,"column":25}},"2":{"start":{"line":3,"column":24},"end":{"line":16,"column":1}},"3":{"start":{"line":17,"column":28},"end":{"line":17,"column":74}}},"fnMap":{},"branchMap":{},"s":{"0":4,"1":4,"2":4,"3":4},"f":{},"b":{},"_coverageSchema":"332fd63041d2c1bcb487cc26dd0d5f7d97098a6c","hash":"696d5c4a2462845388aa1af61d34758da3764b52"}
,"/Users/victorlebron/Coding/Udemy Projects/React Testing/jeopardy/setup/setup.js": {"path":"/Users/victorlebron/Coding/Udemy Projects/React Testing/jeopardy/setup/setup.js","statementMap":{"0":{"start":{"line":4,"column":0},"end":{"line":4,"column":45}}},"fnMap":{},"branchMap":{},"s":{"0":6},"f":{},"b":{},"_coverageSchema":"332fd63041d2c1bcb487cc26dd0d5f7d97098a6c","hash":"0824ad947c32f42223c21abca817f9edb42391c0"}
,"/Users/victorlebron/Coding/Udemy Projects/React Testing/jeopardy/setup/shim.js": {"path":"/Users/victorlebron/Coding/Udemy Projects/React Testing/jeopardy/setup/shim.js","statementMap":{"0":{"start":{"line":1,"column":0},"end":{"line":3,"column":2}},"1":{"start":{"line":2,"column":4},"end":{"line":2,"column":28}}},"fnMap":{"0":{"name":"(anonymous_0)","decl":{"start":{"line":1,"column":31},"end":{"line":1,"column":32}},"loc":{"start":{"line":1,"column":45},"end":{"line":3,"column":1}},"line":1}},"branchMap":{},"s":{"0":6,"1":0},"f":{"0":0},"b":{},"_coverageSchema":"332fd63041d2c1bcb487cc26dd0d5f7d97098a6c","hash":"b7f2e4cf55953e2f807168e9561dbae2130faa9b"}
,"/Users/victorlebron/Coding/Udemy Projects/React Testing/jeopardy/src/actions/index.js": {"path":"/Users/victorlebron/Coding/Udemy Projects/React Testing/jeopardy/src/actions/index.js","statementMap":{"0":{"start":{"line":1,"column":30},"end":{"line":1,"column":46}},"1":{"start":{"line":2,"column":28},"end":{"line":2,"column":42}},"2":{"start":{"line":3,"column":28},"end":{"line":3,"column":42}},"3":{"start":{"line":4,"column":33},"end":{"line":4,"column":52}},"4":{"start":{"line":12,"column":2},"end":{"line":15,"column":3}},"5":{"start":{"line":24,"column":2},"end":{"line":27,"column":3}},"6":{"start":{"line":36,"column":2},"end":{"line":39,"column":3}},"7":{"start":{"line":48,"column":2},"end":{"line":51,"column":4}}},"fnMap":{"0":{"name":"setCategories","decl":{"start":{"line":11,"column":16},"end":{"line":11,"column":29}},"loc":{"start":{"line":11,"column":42},"end":{"line":16,"column":1}},"line":11},"1":{"name":"setCategory","decl":{"start":{"line":23,"column":16},"end":{"line":23,"column":27}},"loc":{"start":{"line":23,"column":38},"end":{"line":28,"column":1}},"line":23},"2":{"name":"setQuestion","decl":{"start":{"line":35,"column":16},"end":{"line":35,"column":27}},"loc":{"start":{"line":35,"column":38},"end":{"line":40,"column":1}},"line":35},"3":{"name":"addCategoryData","decl":{"start":{"line":47,"column":16},"end":{"line":47,"column":31}},"loc":{"start":{"line":47,"column":46},"end":{"line":52,"column":1}},"line":47}},"branchMap":{},"s":{"0":5,"1":5,"2":5,"3":5,"4":1,"5":1,"6":1,"7":1},"f":{"0":1,"1":1,"2":1,"3":1},"b":{},"_coverageSchema":"332fd63041d2c1bcb487cc26dd0d5f7d97098a6c","hash":"8c400c2e6baae0f559c2462d9cb3cd69811b77cf"}
,"/Users/victorlebron/Coding/Udemy Projects/React Testing/jeopardy/src/components/App.js": {"path":"/Users/victorlebron/Coding/Udemy Projects/React Testing/jeopardy/src/components/App.js","statementMap":{"0":{"start":{"line":16,"column":4},"end":{"line":21,"column":5}}},"fnMap":{"0":{"name":"(anonymous_0)","decl":{"start":{"line":15,"column":2},"end":{"line":15,"column":3}},"loc":{"start":{"line":15,"column":11},"end":{"line":22,"column":3}},"line":15}},"branchMap":{},"s":{"0":1},"f":{"0":1},"b":{},"_coverageSchema":"332fd63041d2c1bcb487cc26dd0d5f7d97098a6c","hash":"a610983126de427572192dcf96c7d29999fcd0f7"}
,"/Users/victorlebron/Coding/Udemy Projects/React Testing/jeopardy/src/components/Categories.js": {"path":"/Users/victorlebron/Coding/Udemy Projects/React Testing/jeopardy/src/components/Categories.js","statementMap":{"0":{"start":{"line":18,"column":4},"end":{"line":25,"column":5}},"1":{"start":{"line":19,"column":6},"end":{"line":24,"column":11}},"2":{"start":{"line":20,"column":26},"end":{"line":20,"column":41}},"3":{"start":{"line":22,"column":12},"end":{"line":22,"column":43}},"4":{"start":{"line":23,"column":12},"end":{"line":23,"column":29}},"5":{"start":{"line":33,"column":4},"end":{"line":41,"column":7}},"6":{"start":{"line":34,"column":16},"end":{"line":34,"column":67}},"7":{"start":{"line":36,"column":6},"end":{"line":40,"column":9}},"8":{"start":{"line":37,"column":24},"end":{"line":37,"column":39}},"9":{"start":{"line":39,"column":8},"end":{"line":39,"column":40}},"10":{"start":{"line":50,"column":4},"end":{"line":64,"column":5}},"11":{"start":{"line":55,"column":12},"end":{"line":60,"column":19}},"12":{"start":{"line":57,"column":31},"end":{"line":57,"column":60}},"13":{"start":{"line":76,"column":2},"end":{"line":76,"column":74}}},"fnMap":{"0":{"name":"(anonymous_0)","decl":{"start":{"line":16,"column":2},"end":{"line":16,"column":3}},"loc":{"start":{"line":16,"column":22},"end":{"line":26,"column":3}},"line":16},"1":{"name":"(anonymous_1)","decl":{"start":{"line":20,"column":14},"end":{"line":20,"column":15}},"loc":{"start":{"line":20,"column":26},"end":{"line":20,"column":41}},"line":20},"2":{"name":"(anonymous_2)","decl":{"start":{"line":21,"column":14},"end":{"line":21,"column":15}},"loc":{"start":{"line":21,"column":22},"end":{"line":24,"column":9}},"line":21},"3":{"name":"(anonymous_3)","decl":{"start":{"line":32,"column":14},"end":{"line":32,"column":15}},"loc":{"start":{"line":32,"column":20},"end":{"line":42,"column":3}},"line":32},"4":{"name":"(anonymous_4)","decl":{"start":{"line":33,"column":30},"end":{"line":33,"column":31}},"loc":{"start":{"line":33,"column":42},"end":{"line":41,"column":5}},"line":33},"5":{"name":"(anonymous_5)","decl":{"start":{"line":37,"column":12},"end":{"line":37,"column":13}},"loc":{"start":{"line":37,"column":24},"end":{"line":37,"column":39}},"line":37},"6":{"name":"(anonymous_6)","decl":{"start":{"line":38,"column":12},"end":{"line":38,"column":13}},"loc":{"start":{"line":38,"column":20},"end":{"line":40,"column":7}},"line":38},"7":{"name":"(anonymous_7)","decl":{"start":{"line":49,"column":2},"end":{"line":49,"column":3}},"loc":{"start":{"line":49,"column":11},"end":{"line":65,"column":3}},"line":49},"8":{"name":"(anonymous_8)","decl":{"start":{"line":54,"column":37},"end":{"line":54,"column":38}},"loc":{"start":{"line":55,"column":12},"end":{"line":60,"column":19}},"line":55},"9":{"name":"(anonymous_9)","decl":{"start":{"line":57,"column":23},"end":{"line":57,"column":24}},"loc":{"start":{"line":57,"column":29},"end":{"line":57,"column":62}},"line":57},"10":{"name":"mapStateToProps","decl":{"start":{"line":72,"column":9},"end":{"line":72,"column":24}},"loc":{"start":{"line":72,"column":32},"end":{"line":77,"column":1}},"line":72}},"branchMap":{"0":{"loc":{"start":{"line":18,"column":4},"end":{"line":25,"column":5}},"type":"if","locations":[{"start":{"line":18,"column":4},"end":{"line":25,"column":5}},{"start":{"line":18,"column":4},"end":{"line":25,"column":5}}],"line":18}},"s":{"0":2,"1":1,"2":0,"3":0,"4":0,"5":1,"6":1,"7":1,"8":0,"9":0,"10":3,"11":3,"12":1,"13":0},"f":{"0":2,"1":0,"2":0,"3":1,"4":1,"5":0,"6":0,"7":3,"8":3,"9":1,"10":0},"b":{"0":[1,1]},"_coverageSchema":"332fd63041d2c1bcb487cc26dd0d5f7d97098a6c","hash":"fe8d8359ec3007e009e0c04d3d10c1aad108830e"}
,"/Users/victorlebron/Coding/Udemy Projects/React Testing/jeopardy/src/components/Category.js": {"path":"/Users/victorlebron/Coding/Udemy Projects/React Testing/jeopardy/src/components/Category.js","statementMap":{"0":{"start":{"line":21,"column":4},"end":{"line":25,"column":7}},"1":{"start":{"line":22,"column":6},"end":{"line":24,"column":7}},"2":{"start":{"line":23,"column":8},"end":{"line":23,"column":63}},"3":{"start":{"line":36,"column":4},"end":{"line":42,"column":5}},"4":{"start":{"line":37,"column":6},"end":{"line":39,"column":8}},"5":{"start":{"line":38,"column":8},"end":{"line":38,"column":108}},"6":{"start":{"line":41,"column":6},"end":{"line":41,"column":59}},"7":{"start":{"line":51,"column":4},"end":{"line":61,"column":5}},"8":{"start":{"line":55,"column":61},"end":{"line":55,"column":87}},"9":{"start":{"line":75,"column":2},"end":{"line":75,"column":127}}},"fnMap":{"0":{"name":"(anonymous_0)","decl":{"start":{"line":16,"column":2},"end":{"line":16,"column":3}},"loc":{"start":{"line":16,"column":22},"end":{"line":26,"column":3}},"line":16},"1":{"name":"(anonymous_1)","decl":{"start":{"line":21,"column":32},"end":{"line":21,"column":33}},"loc":{"start":{"line":21,"column":53},"end":{"line":25,"column":5}},"line":21},"2":{"name":"(anonymous_2)","decl":{"start":{"line":35,"column":21},"end":{"line":35,"column":22}},"loc":{"start":{"line":35,"column":27},"end":{"line":43,"column":3}},"line":35},"3":{"name":"(anonymous_3)","decl":{"start":{"line":37,"column":43},"end":{"line":37,"column":44}},"loc":{"start":{"line":38,"column":8},"end":{"line":38,"column":108}},"line":38},"4":{"name":"(anonymous_4)","decl":{"start":{"line":50,"column":2},"end":{"line":50,"column":3}},"loc":{"start":{"line":50,"column":11},"end":{"line":62,"column":3}},"line":50},"5":{"name":"(anonymous_5)","decl":{"start":{"line":55,"column":55},"end":{"line":55,"column":56}},"loc":{"start":{"line":55,"column":61},"end":{"line":55,"column":87}},"line":55},"6":{"name":"mapStateToProps","decl":{"start":{"line":69,"column":9},"end":{"line":69,"column":24}},"loc":{"start":{"line":69,"column":32},"end":{"line":76,"column":1}},"line":69}},"branchMap":{"0":{"loc":{"start":{"line":22,"column":6},"end":{"line":24,"column":7}},"type":"if","locations":[{"start":{"line":22,"column":6},"end":{"line":24,"column":7}},{"start":{"line":22,"column":6},"end":{"line":24,"column":7}}],"line":22},"1":{"loc":{"start":{"line":36,"column":4},"end":{"line":42,"column":5}},"type":"if","locations":[{"start":{"line":36,"column":4},"end":{"line":42,"column":5}},{"start":{"line":36,"column":4},"end":{"line":42,"column":5}}],"line":36}},"s":{"0":2,"1":2,"2":2,"3":3,"4":3,"5":3,"6":0,"7":3,"8":1,"9":0},"f":{"0":2,"1":2,"2":3,"3":3,"4":3,"5":1,"6":0},"b":{"0":[2,0],"1":[3,0]},"_coverageSchema":"332fd63041d2c1bcb487cc26dd0d5f7d97098a6c","hash":"b3885c74502f0074ea32377560869cf067be7352"}
,"/Users/victorlebron/Coding/Udemy Projects/React Testing/jeopardy/src/components/Question.js": {"path":"/Users/victorlebron/Coding/Udemy Projects/React Testing/jeopardy/src/components/Question.js","statementMap":{"0":{"start":{"line":11,"column":4},"end":{"line":11,"column":12}},"1":{"start":{"line":17,"column":4},"end":{"line":19,"column":5}},"2":{"start":{"line":28,"column":4},"end":{"line":36,"column":5}},"3":{"start":{"line":29,"column":47},"end":{"line":29,"column":95}}},"fnMap":{"0":{"name":"(anonymous_0)","decl":{"start":{"line":10,"column":2},"end":{"line":10,"column":3}},"loc":{"start":{"line":10,"column":16},"end":{"line":20,"column":3}},"line":10},"1":{"name":"(anonymous_1)","decl":{"start":{"line":27,"column":2},"end":{"line":27,"column":3}},"loc":{"start":{"line":27,"column":11},"end":{"line":37,"column":3}},"line":27},"2":{"name":"(anonymous_2)","decl":{"start":{"line":29,"column":41},"end":{"line":29,"column":42}},"loc":{"start":{"line":29,"column":47},"end":{"line":29,"column":95}},"line":29}},"branchMap":{"0":{"loc":{"start":{"line":32,"column":34},"end":{"line":32,"column":104}},"type":"cond-expr","locations":[{"start":{"line":32,"column":62},"end":{"line":32,"column":99}},{"start":{"line":32,"column":102},"end":{"line":32,"column":104}}],"line":32},"1":{"loc":{"start":{"line":34,"column":9},"end":{"line":34,"column":132}},"type":"cond-expr","locations":[{"start":{"line":34,"column":41},"end":{"line":34,"column":127}},{"start":{"line":34,"column":130},"end":{"line":34,"column":132}}],"line":34}},"s":{"0":1,"1":1,"2":5,"3":2},"f":{"0":1,"1":5,"2":2},"b":{"0":[5,0],"1":[2,3]},"_coverageSchema":"332fd63041d2c1bcb487cc26dd0d5f7d97098a6c","hash":"11d7b709e1f5ed0ba092d1b79ced8fc65c60c1f2"}
,"/Users/victorlebron/Coding/Udemy Projects/React Testing/jeopardy/src/reducers/index.js": {"path":"/Users/victorlebron/Coding/Udemy Projects/React Testing/jeopardy/src/reducers/index.js","statementMap":{"0":{"start":{"line":11,"column":2},"end":{"line":16,"column":3}},"1":{"start":{"line":13,"column":6},"end":{"line":13,"column":30}},"2":{"start":{"line":15,"column":6},"end":{"line":15,"column":19}},"3":{"start":{"line":26,"column":2},"end":{"line":30,"column":3}},"4":{"start":{"line":28,"column":6},"end":{"line":28,"column":28}},"5":{"start":{"line":29,"column":13},"end":{"line":29,"column":26}},"6":{"start":{"line":40,"column":2},"end":{"line":44,"column":3}},"7":{"start":{"line":42,"column":6},"end":{"line":42,"column":28}},"8":{"start":{"line":43,"column":13},"end":{"line":43,"column":26}},"9":{"start":{"line":56,"column":2},"end":{"line":61,"column":3}},"10":{"start":{"line":58,"column":6},"end":{"line":58,"column":38}},"11":{"start":{"line":59,"column":6},"end":{"line":59,"column":19}},"12":{"start":{"line":60,"column":13},"end":{"line":60,"column":26}}},"fnMap":{"0":{"name":"categories","decl":{"start":{"line":10,"column":9},"end":{"line":10,"column":19}},"loc":{"start":{"line":10,"column":40},"end":{"line":17,"column":1}},"line":10},"1":{"name":"category","decl":{"start":{"line":25,"column":9},"end":{"line":25,"column":17}},"loc":{"start":{"line":25,"column":38},"end":{"line":31,"column":1}},"line":25},"2":{"name":"question","decl":{"start":{"line":39,"column":9},"end":{"line":39,"column":17}},"loc":{"start":{"line":39,"column":38},"end":{"line":45,"column":1}},"line":39},"3":{"name":"categoryData","decl":{"start":{"line":55,"column":9},"end":{"line":55,"column":21}},"loc":{"start":{"line":55,"column":42},"end":{"line":62,"column":1}},"line":55}},"branchMap":{"0":{"loc":{"start":{"line":10,"column":20},"end":{"line":10,"column":30}},"type":"default-arg","locations":[{"start":{"line":10,"column":28},"end":{"line":10,"column":30}}],"line":10},"1":{"loc":{"start":{"line":11,"column":2},"end":{"line":16,"column":3}},"type":"switch","locations":[{"start":{"line":12,"column":4},"end":{"line":13,"column":30}},{"start":{"line":14,"column":4},"end":{"line":15,"column":19}}],"line":11},"2":{"loc":{"start":{"line":25,"column":18},"end":{"line":25,"column":28}},"type":"default-arg","locations":[{"start":{"line":25,"column":26},"end":{"line":25,"column":28}}],"line":25},"3":{"loc":{"start":{"line":26,"column":2},"end":{"line":30,"column":3}},"type":"switch","locations":[{"start":{"line":27,"column":4},"end":{"line":28,"column":28}},{"start":{"line":29,"column":4},"end":{"line":29,"column":26}}],"line":26},"4":{"loc":{"start":{"line":39,"column":18},"end":{"line":39,"column":28}},"type":"default-arg","locations":[{"start":{"line":39,"column":26},"end":{"line":39,"column":28}}],"line":39},"5":{"loc":{"start":{"line":40,"column":2},"end":{"line":44,"column":3}},"type":"switch","locations":[{"start":{"line":41,"column":4},"end":{"line":42,"column":28}},{"start":{"line":43,"column":4},"end":{"line":43,"column":26}}],"line":40},"6":{"loc":{"start":{"line":55,"column":22},"end":{"line":55,"column":32}},"type":"default-arg","locations":[{"start":{"line":55,"column":30},"end":{"line":55,"column":32}}],"line":55},"7":{"loc":{"start":{"line":56,"column":2},"end":{"line":61,"column":3}},"type":"switch","locations":[{"start":{"line":57,"column":4},"end":{"line":59,"column":19}},{"start":{"line":60,"column":4},"end":{"line":60,"column":26}}],"line":56}},"s":{"0":7,"1":1,"2":6,"3":7,"4":1,"5":6,"6":7,"7":1,"8":6,"9":7,"10":1,"11":1,"12":6},"f":{"0":7,"1":7,"2":7,"3":7},"b":{"0":[7],"1":[1,6],"2":[7],"3":[1,6],"4":[7],"5":[1,6],"6":[7],"7":[1,6]},"_coverageSchema":"332fd63041d2c1bcb487cc26dd0d5f7d97098a6c","hash":"5a4a090c4e95feef4312e484ba57b07fe4986b11"}
}
