TN:
SF:/Users/victorlebron/Coding/Udemy Projects/React Testing/jeopardy/data/fixtures.js
FNF:0
FNH:0
DA:1,4
DA:2,4
DA:3,4
DA:17,4
LF:4
LH:4
BRF:0
BRH:0
end_of_record
TN:
SF:/Users/victorlebron/Coding/Udemy Projects/React Testing/jeopardy/setup/setup.js
FNF:0
FNH:0
DA:4,6
LF:1
LH:1
BRF:0
BRH:0
end_of_record
TN:
SF:/Users/victorlebron/Coding/Udemy Projects/React Testing/jeopardy/setup/shim.js
FN:1,(anonymous_0)
FNF:1
FNH:0
FNDA:0,(anonymous_0)
DA:1,6
DA:2,0
LF:2
LH:1
BRF:0
BRH:0
end_of_record
TN:
SF:/Users/victorlebron/Coding/Udemy Projects/React Testing/jeopardy/src/actions/index.js
FN:11,setCategories
FN:23,setCategory
FN:35,setQuestion
FN:47,addCategoryData
FNF:4
FNH:4
FNDA:1,setCategories
FNDA:1,setCategory
FNDA:1,setQuestion
FNDA:1,addCategoryData
DA:1,5
DA:2,5
DA:3,5
DA:4,5
DA:12,1
DA:24,1
DA:36,1
DA:48,1
LF:8
LH:8
BRF:0
BRH:0
end_of_record
TN:
SF:/Users/victorlebron/Coding/Udemy Projects/React Testing/jeopardy/src/components/App.js
FN:15,(anonymous_0)
FNF:1
FNH:1
FNDA:1,(anonymous_0)
DA:16,1
LF:1
LH:1
BRF:0
BRH:0
end_of_record
TN:
SF:/Users/victorlebron/Coding/Udemy Projects/React Testing/jeopardy/src/components/Categories.js
FN:16,(anonymous_0)
FN:20,(anonymous_1)
FN:21,(anonymous_2)
FN:32,(anonymous_3)
FN:33,(anonymous_4)
FN:37,(anonymous_5)
FN:38,(anonymous_6)
FN:49,(anonymous_7)
FN:54,(anonymous_8)
FN:57,(anonymous_9)
FN:72,mapStateToProps
FNF:11
FNH:6
FNDA:2,(anonymous_0)
FNDA:0,(anonymous_1)
FNDA:0,(anonymous_2)
FNDA:1,(anonymous_3)
FNDA:1,(anonymous_4)
FNDA:0,(anonymous_5)
FNDA:0,(anonymous_6)
FNDA:3,(anonymous_7)
FNDA:3,(anonymous_8)
FNDA:1,(anonymous_9)
FNDA:0,mapStateToProps
DA:18,2
DA:19,1
DA:20,0
DA:22,0
DA:23,0
DA:33,1
DA:34,1
DA:36,1
DA:37,0
DA:39,0
DA:50,3
DA:55,3
DA:57,1
DA:76,0
LF:14
LH:8
BRDA:18,0,0,1
BRDA:18,0,1,1
BRF:2
BRH:2
end_of_record
TN:
SF:/Users/victorlebron/Coding/Udemy Projects/React Testing/jeopardy/src/components/Category.js
FN:16,(anonymous_0)
FN:21,(anonymous_1)
FN:35,(anonymous_2)
FN:37,(anonymous_3)
FN:50,(anonymous_4)
FN:55,(anonymous_5)
FN:69,mapStateToProps
FNF:7
FNH:6
FNDA:2,(anonymous_0)
FNDA:2,(anonymous_1)
FNDA:3,(anonymous_2)
FNDA:3,(anonymous_3)
FNDA:3,(anonymous_4)
FNDA:1,(anonymous_5)
FNDA:0,mapStateToProps
DA:21,2
DA:22,2
DA:23,2
DA:36,3
DA:37,3
DA:38,3
DA:41,0
DA:51,3
DA:55,1
DA:75,0
LF:10
LH:8
BRDA:22,0,0,2
BRDA:22,0,1,0
BRDA:36,1,0,3
BRDA:36,1,1,0
BRF:4
BRH:2
end_of_record
TN:
SF:/Users/victorlebron/Coding/Udemy Projects/React Testing/jeopardy/src/components/Question.js
FN:10,(anonymous_0)
FN:27,(anonymous_1)
FN:29,(anonymous_2)
FNF:3
FNH:3
FNDA:1,(anonymous_0)
FNDA:5,(anonymous_1)
FNDA:2,(anonymous_2)
DA:11,1
DA:17,1
DA:28,5
DA:29,2
LF:4
LH:4
BRDA:32,0,0,5
BRDA:32,0,1,0
BRDA:34,1,0,2
BRDA:34,1,1,3
BRF:4
BRH:3
end_of_record
TN:
SF:/Users/victorlebron/Coding/Udemy Projects/React Testing/jeopardy/src/reducers/index.js
FN:10,categories
FN:25,category
FN:39,question
FN:55,categoryData
FNF:4
FNH:4
FNDA:7,categories
FNDA:7,category
FNDA:7,question
FNDA:7,categoryData
DA:11,7
DA:13,1
DA:15,6
DA:26,7
DA:28,1
DA:29,6
DA:40,7
DA:42,1
DA:43,6
DA:56,7
DA:58,1
DA:59,1
DA:60,6
LF:13
LH:13
BRDA:10,0,0,7
BRDA:11,1,0,1
BRDA:11,1,1,6
BRDA:25,2,0,7
BRDA:26,3,0,1
BRDA:26,3,1,6
BRDA:39,4,0,7
BRDA:40,5,0,1
BRDA:40,5,1,6
BRDA:55,6,0,7
BRDA:56,7,0,1
BRDA:56,7,1,6
BRF:12
BRH:12
end_of_record
