TN:
SF:/Users/victorlebron/Coding/Udemy Projects/React Testing/jeopardy/data/fixtures.js
FNF:0
FNH:0
DA:1,4
DA:2,4
DA:3,4
DA:13,4
LF:4
LH:4
BRF:0
BRH:0
end_of_record
TN:
SF:/Users/victorlebron/Coding/Udemy Projects/React Testing/jeopardy/setup/setup.js
FNF:0
FNH:0
DA:4,6
LF:1
LH:1
BRF:0
BRH:0
end_of_record
TN:
SF:/Users/victorlebron/Coding/Udemy Projects/React Testing/jeopardy/setup/shim.js
FN:1,(anonymous_0)
FNF:1
FNH:0
FNDA:0,(anonymous_0)
DA:1,6
DA:2,0
LF:2
LH:1
BRF:0
BRH:0
end_of_record
TN:
SF:/Users/victorlebron/Coding/Udemy Projects/React Testing/jeopardy/src/actions/index.js
FN:6,setCategories
FN:13,setCategory
FN:20,setQuestion
FN:27,addCategoryData
FNF:4
FNH:4
FNDA:1,setCategories
FNDA:1,setCategory
FNDA:1,setQuestion
FNDA:1,addCategoryData
DA:1,5
DA:2,5
DA:3,5
DA:4,5
DA:7,1
DA:14,1
DA:21,1
DA:28,1
LF:8
LH:8
BRF:0
BRH:0
end_of_record
TN:
SF:/Users/victorlebron/Coding/Udemy Projects/React Testing/jeopardy/src/components/App.js
FN:6,(anonymous_0)
FNF:1
FNH:1
FNDA:1,(anonymous_0)
DA:7,1
LF:1
LH:1
BRF:0
BRH:0
end_of_record
TN:
SF:/Users/victorlebron/Coding/Udemy Projects/React Testing/jeopardy/src/components/Categories.js
FN:8,(anonymous_0)
FN:14,(anonymous_1)
FN:15,(anonymous_2)
FN:22,(anonymous_3)
FN:23,(anonymous_4)
FN:27,(anonymous_5)
FN:28,(anonymous_6)
FN:32,(anonymous_7)
FN:37,(anonymous_8)
FN:40,(anonymous_9)
FN:51,mapStateToProps
FNF:11
FNH:6
FNDA:2,(anonymous_0)
FNDA:0,(anonymous_1)
FNDA:0,(anonymous_2)
FNDA:669,(anonymous_3)
FNDA:669,(anonymous_4)
FNDA:0,(anonymous_5)
FNDA:0,(anonymous_6)
FNDA:671,(anonymous_7)
FNDA:671,(anonymous_8)
FNDA:1,(anonymous_9)
FNDA:0,mapStateToProps
DA:10,2
DA:11,2
DA:12,1
DA:13,1
DA:14,0
DA:16,0
DA:17,0
DA:23,669
DA:24,669
DA:26,669
DA:27,0
DA:28,0
DA:33,671
DA:38,671
DA:40,1
DA:55,0
LF:16
LH:10
BRDA:11,0,0,1
BRDA:11,0,1,1
BRF:2
BRH:2
end_of_record
TN:
SF:/Users/victorlebron/Coding/Udemy Projects/React Testing/jeopardy/src/components/Category.js
FN:9,(anonymous_0)
FN:13,(anonymous_1)
FN:15,(anonymous_2)
FN:21,(anonymous_3)
FN:25,(anonymous_4)
FN:34,mapStateToProps
FNF:6
FNH:5
FNDA:2,(anonymous_0)
FNDA:3,(anonymous_1)
FNDA:3,(anonymous_2)
FNDA:3,(anonymous_3)
FNDA:1,(anonymous_4)
FNDA:0,mapStateToProps
DA:10,2
DA:14,3
DA:15,3
DA:16,3
DA:22,3
DA:25,1
DA:40,0
LF:7
LH:6
BRDA:14,0,0,3
BRDA:14,0,1,0
BRF:2
BRH:1
end_of_record
TN:
SF:/Users/victorlebron/Coding/Udemy Projects/React Testing/jeopardy/src/components/Question.js
FN:6,(anonymous_0)
FN:14,(anonymous_1)
FN:17,(anonymous_2)
FNF:3
FNH:3
FNDA:1,(anonymous_0)
FNDA:5,(anonymous_1)
FNDA:2,(anonymous_2)
DA:7,1
DA:9,1
DA:15,5
DA:17,2
LF:4
LH:4
BRDA:19,0,0,2
BRDA:19,0,1,3
BRF:2
BRH:2
end_of_record
TN:
SF:/Users/victorlebron/Coding/Udemy Projects/React Testing/jeopardy/src/reducers/index.js
FN:4,categories
FN:13,category
FN:21,question
FN:29,categoryData
FNF:4
FNH:4
FNDA:7,categories
FNDA:7,category
FNDA:7,question
FNDA:7,categoryData
DA:5,7
DA:7,1
DA:9,6
DA:14,7
DA:16,1
DA:17,6
DA:22,7
DA:24,1
DA:25,6
DA:30,7
DA:32,1
DA:33,1
DA:34,6
LF:13
LH:13
BRDA:4,0,0,7
BRDA:5,1,0,1
BRDA:5,1,1,6
BRDA:13,2,0,7
BRDA:14,3,0,1
BRDA:14,3,1,6
BRDA:21,4,0,7
BRDA:22,5,0,1
BRDA:22,5,1,6
BRDA:29,6,0,7
BRDA:30,7,0,1
BRDA:30,7,1,6
BRF:12
BRH:12
end_of_record
